[INFO] Scanning for projects...
[INFO] 
[INFO] -----------------------< br.com.alloha:rabbitmq >-----------------------
[INFO] Building  0.0.1-SNAPSHOT
[INFO]   from pom.xml
[INFO] --------------------------------[ jar ]---------------------------------
[INFO] 
[INFO] >>> spring-boot:4.1.0:run (default-cli) > test-compile @ rabbitmq >>>
[INFO] 
[INFO] --- resources:3.5.0:resources (default-resources) @ rabbitmq ---
[INFO] Copying 1 resource from src\main\resources to target\classes
[INFO] Copying 2 resources from src\main\resources to target\classes
[INFO] 
[INFO] --- compiler:3.15.0:compile (default-compile) @ rabbitmq ---
[INFO] Nothing to compile - all classes are up to date.
[INFO] 
[INFO] --- resources:3.5.0:testResources (default-testResources) @ rabbitmq ---
[INFO] skip non existing resourceDirectory C:\Users\joao.velho\Desktop\Projeto RabbitMQ\rabbitmq\rabbitmq\src\test\resources
[INFO] 
[INFO] --- compiler:3.15.0:testCompile (default-testCompile) @ rabbitmq ---
[INFO] Nothing to compile - all classes are up to date.
[INFO] 
[INFO] <<< spring-boot:4.1.0:run (default-cli) < test-compile @ rabbitmq <<<
[INFO] 
[INFO] 
[INFO] --- spring-boot:4.1.0:run (default-cli) @ rabbitmq ---
[INFO] Attaching agents: []

  .   ____          _            __ _ _
 /\\ / ___'_ __ _ _(_)_ __  __ _ \ \ \ \
( ( )\___ | '_ | '_| | '_ \/ _` | \ \ \ \
 \\/  ___)| |_)| | | | | || (_| |  ) ) ) )
  '  |____| .__|_| |_|_| |_\__, | / / / /
 =========|_|==============|___/=/_/_/_/

 :: Spring Boot ::                (v4.1.0)

2026-06-18T14:42:11.988-03:00  INFO 14972 --- [  restartedMain] b.c.alloha.rabbitmq.rabbitmqApplication  : Starting rabbitmqApplication using Java 17.0.12 with PID 14972 (C:\Users\joao.velho\Desktop\Projeto RabbitMQ\rabbitmq\rabbitmq\target\classes started by joao.velho in C:\Users\joao.velho\Desktop\Projeto RabbitMQ\rabbitmq\rabbitmq)
2026-06-18T14:42:11.992-03:00  INFO 14972 --- [  restartedMain] b.c.alloha.rabbitmq.rabbitmqApplication  : No active profile set, falling back to 1 default profile: "default"
2026-06-18T14:42:12.040-03:00  INFO 14972 --- [  restartedMain] .e.DevToolsPropertyDefaultsPostProcessor : Devtools property defaults active! Set 'spring.devtools.add-properties' to 'false' to disable
2026-06-18T14:42:12.040-03:00  INFO 14972 --- [  restartedMain] .e.DevToolsPropertyDefaultsPostProcessor : For additional web related logging consider setting the 'logging.level.web' property to 'DEBUG'
2026-06-18T14:42:12.070-03:00  INFO 14972 --- [  restartedMain] .s.b.d.c.l.DockerComposeLifecycleManager : Using Docker Compose file C:\Users\joao.velho\Desktop\Projeto RabbitMQ\rabbitmq\rabbitmq\Docker-compose.yaml
2026-06-18T14:42:13.530-03:00  INFO 14972 --- [  restartedMain] .s.b.d.c.l.DockerComposeLifecycleManager : There are already Docker Compose services running, skipping startup
2026-06-18T14:42:14.332-03:00  INFO 14972 --- [  restartedMain] .s.d.r.c.RepositoryConfigurationDelegate : Bootstrapping Spring Data JPA repositories in DEFAULT mode.
2026-06-18T14:42:14.396-03:00  INFO 14972 --- [  restartedMain] .s.d.r.c.RepositoryConfigurationDelegate : Finished Spring Data repository scanning in 60 ms. Found 1 JPA repository interface.
2026-06-18T14:42:15.042-03:00  INFO 14972 --- [  restartedMain] o.s.boot.tomcat.TomcatWebServer          : Tomcat initialized with port 8080 (http)
2026-06-18T14:42:15.060-03:00  INFO 14972 --- [  restartedMain] o.apache.catalina.core.StandardService   : Starting service [Tomcat]
2026-06-18T14:42:15.060-03:00  INFO 14972 --- [  restartedMain] o.apache.catalina.core.StandardEngine    : Starting Servlet engine: [Apache Tomcat/11.0.22]
2026-06-18T14:42:15.107-03:00  INFO 14972 --- [  restartedMain] b.w.c.s.WebApplicationContextInitializer : Root WebApplicationContext: initialization completed in 1566 ms
2026-06-18T14:42:15.274-03:00  INFO 14972 --- [  restartedMain] org.hibernate.orm.jpa                    : HHH008540: Processing PersistenceUnitInfo [name: default]
2026-06-18T14:42:15.321-03:00  INFO 14972 --- [  restartedMain] org.hibernate.orm.core                   : HHH000001: Hibernate ORM core version 7.4.1.Final
2026-06-18T14:42:15.734-03:00  INFO 14972 --- [  restartedMain] o.s.o.j.p.SpringPersistenceUnitInfo      : No LoadTimeWeaver setup: ignoring JPA class transformer
2026-06-18T14:42:15.754-03:00  INFO 14972 --- [  restartedMain] com.zaxxer.hikari.HikariDataSource       : HikariPool-1 - Starting...
2026-06-18T14:42:16.048-03:00  INFO 14972 --- [  restartedMain] com.zaxxer.hikari.pool.HikariPool        : HikariPool-1 - Added connection com.mysql.cj.jdbc.ConnectionImpl@7f4cec41
2026-06-18T14:42:16.050-03:00  INFO 14972 --- [  restartedMain] com.zaxxer.hikari.HikariDataSource       : HikariPool-1 - Start completed.
2026-06-18T14:42:16.121-03:00  WARN 14972 --- [  restartedMain] org.hibernate.orm.deprecation            : HHH90000025: MySQLDialect does not need to be specified explicitly using 'hibernate.dialect' (remove the property setting and it will be selected by default)
2026-06-18T14:42:16.138-03:00  INFO 14972 --- [  restartedMain] org.hibernate.orm.connections.pooling    : HHH10001005: Database info:
	Database JDBC URL [jdbc:mysql://127.0.0.1:3306/rabbitmq_db]
	Database driver: MySQL Connector/J
	Database dialect: MySQLDialect
	Database version: 8.0.46
	Default catalog/schema: rabbitmq_db/undefined
	Autocommit mode: undefined/unknown
	Isolation level: REPEATABLE_READ [default REPEATABLE_READ]
	JDBC fetch size: none
	Pool: DataSourceConnectionProvider
	Minimum pool size: undefined/unknown
	Maximum pool size: undefined/unknown
2026-06-18T14:42:17.045-03:00  INFO 14972 --- [  restartedMain] org.hibernate.orm.core                   : HHH000489: No JTA platform available (set 'hibernate.transaction.jta.platform' to enable JTA platform integration)
2026-06-18T14:42:17.112-03:00  INFO 14972 --- [  restartedMain] j.LocalContainerEntityManagerFactoryBean : Initialized JPA EntityManagerFactory for persistence unit 'default'
2026-06-18T14:42:17.209-03:00  INFO 14972 --- [  restartedMain] o.s.d.j.r.query.QueryEnhancerFactories   : Hibernate is in classpath; If applicable, HQL parser will be used.
2026-06-18T14:42:17.506-03:00  WARN 14972 --- [  restartedMain] JpaBaseConfiguration$JpaWebConfiguration : spring.jpa.open-in-view is enabled by default. Therefore, database queries may be performed during view rendering. Explicitly configure spring.jpa.open-in-view to disable this warning
2026-06-18T14:42:18.112-03:00  INFO 14972 --- [  restartedMain] o.s.boot.tomcat.TomcatWebServer          : Tomcat started on port 8080 (http) with context path '/'
2026-06-18T14:42:18.122-03:00  INFO 14972 --- [  restartedMain] o.s.a.r.c.CachingConnectionFactory       : Attempting to connect to: [127.0.0.1:5672]
2026-06-18T14:42:18.170-03:00  INFO 14972 --- [  restartedMain] o.s.a.r.c.CachingConnectionFactory       : Created new connection: rabbitConnectionFactory#16e3802:0/SimpleConnection@1fba9e41 [delegate=amqp://adminrbtmq@127.0.0.1:5672/, localPort=64898]
2026-06-18T14:42:18.242-03:00  INFO 14972 --- [  restartedMain] b.c.alloha.rabbitmq.rabbitmqApplication  : Started rabbitmqApplication in 6.706 seconds (process running for 7.303)
